USER       PID %CPU %MEM    VSZ   RSS TTY      STAT START   TIME COMMAND
root         1  1.2  0.4 159972  9100 ?        Ss   12:52   0:01 /sbin/init splash
root         2  0.0  0.0      0     0 ?        S    12:52   0:00 [kthreadd]
root         3  0.0  0.0      0     0 ?        I<   12:52   0:00 [rcu_gp]
root         4  0.0  0.0      0     0 ?        I<   12:52   0:00 [rcu_par_gp]
root         5  0.0  0.0      0     0 ?        I    12:52   0:00 [kworker/0:0-cgr]
root         6  0.0  0.0      0     0 ?        I<   12:52   0:00 [kworker/0:0H-kb]
root         7  0.0  0.0      0     0 ?        I    12:52   0:00 [kworker/u8:0-i9]
root         8  0.0  0.0      0     0 ?        I<   12:52   0:00 [mm_percpu_wq]
root         9  0.0  0.0      0     0 ?        S    12:52   0:00 [ksoftirqd/0]
root        10  0.0  0.0      0     0 ?        I    12:52   0:00 [rcu_sched]
root        11  0.0  0.0      0     0 ?        S    12:52   0:00 [migration/0]
root        12  0.0  0.0      0     0 ?        S    12:52   0:00 [idle_inject/0]
root        13  0.0  0.0      0     0 ?        I    12:52   0:00 [kworker/0:1-eve]
root        14  0.0  0.0      0     0 ?        S    12:52   0:00 [cpuhp/0]
root        15  0.0  0.0      0     0 ?        S    12:52   0:00 [cpuhp/1]
root        16  0.0  0.0      0     0 ?        S    12:52   0:00 [idle_inject/1]
root        17  0.0  0.0      0     0 ?        S    12:52   0:00 [migration/1]
root        18  0.0  0.0      0     0 ?        S    12:52   0:00 [ksoftirqd/1]
root        19  0.0  0.0      0     0 ?        I    12:52   0:00 [kworker/1:0-cgr]
root        20  0.0  0.0      0     0 ?        I<   12:52   0:00 [kworker/1:0H-kb]
root        21  0.0  0.0      0     0 ?        S    12:52   0:00 [kdevtmpfs]
root        22  0.0  0.0      0     0 ?        I<   12:52   0:00 [netns]
root        23  0.0  0.0      0     0 ?        S    12:52   0:00 [rcu_tasks_kthre]
root        24  0.0  0.0      0     0 ?        S    12:52   0:00 [kauditd]
root        25  0.0  0.0      0     0 ?        I    12:52   0:00 [kworker/1:1-eve]
root        26  0.0  0.0      0     0 ?        S    12:52   0:00 [khungtaskd]
root        27  0.0  0.0      0     0 ?        S    12:52   0:00 [oom_reaper]
root        28  0.0  0.0      0     0 ?        I<   12:52   0:00 [writeback]
root        29  0.0  0.0      0     0 ?        S    12:52   0:00 [kcompactd0]
root        30  0.0  0.0      0     0 ?        SN   12:52   0:00 [ksmd]
root        31  0.0  0.0      0     0 ?        SN   12:52   0:00 [khugepaged]
root        32  0.0  0.0      0     0 ?        I<   12:52   0:00 [crypto]
root        33  0.0  0.0      0     0 ?        I<   12:52   0:00 [kintegrityd]
root        34  0.0  0.0      0     0 ?        I<   12:52   0:00 [kblockd]
root        35  0.0  0.0      0     0 ?        I<   12:52   0:00 [tpm_dev_wq]
root        36  0.0  0.0      0     0 ?        I<   12:52   0:00 [ata_sff]
root        37  0.0  0.0      0     0 ?        I<   12:52   0:00 [md]
root        38  0.0  0.0      0     0 ?        I<   12:52   0:00 [edac-poller]
root        39  0.0  0.0      0     0 ?        I<   12:52   0:00 [devfreq_wq]
root        40  0.0  0.0      0     0 ?        S    12:52   0:00 [watchdogd]
root        41  0.0  0.0      0     0 ?        I    12:52   0:00 [kworker/u8:1-ev]
root        42  0.0  0.0      0     0 ?        S    12:52   0:00 [kswapd0]
root        43  0.0  0.0      0     0 ?        I<   12:52   0:00 [kworker/u9:0-i9]
root        44  0.0  0.0      0     0 ?        S    12:52   0:00 [ecryptfs-kthrea]
root       133  0.0  0.0      0     0 ?        I<   12:52   0:00 [kthrotld]
root       134  0.0  0.0      0     0 ?        I<   12:52   0:00 [acpi_thermal_pm]
root       135  0.0  0.0      0     0 ?        S    12:52   0:00 [scsi_eh_0]
root       136  0.0  0.0      0     0 ?        I<   12:52   0:00 [scsi_tmf_0]
root       137  0.0  0.0      0     0 ?        S    12:52   0:00 [scsi_eh_1]
root       138  0.0  0.0      0     0 ?        I<   12:52   0:00 [scsi_tmf_1]
root       139  0.0  0.0      0     0 ?        I    12:52   0:00 [kworker/u8:2-ev]
root       140  0.0  0.0      0     0 ?        S    12:52   0:00 [scsi_eh_2]
root       141  0.0  0.0      0     0 ?        I<   12:52   0:00 [scsi_tmf_2]
root       142  0.0  0.0      0     0 ?        S    12:52   0:00 [scsi_eh_3]
root       143  0.0  0.0      0     0 ?        I<   12:52   0:00 [scsi_tmf_3]
root       144  0.0  0.0      0     0 ?        I    12:52   0:00 [kworker/u8:3-ev]
root       145  0.0  0.0      0     0 ?        I    12:52   0:00 [kworker/u8:4-ev]
root       146  0.0  0.0      0     0 ?        I    12:52   0:00 [kworker/u8:5-ev]
root       147  0.0  0.0      0     0 ?        I<   12:52   0:00 [ipv6_addrconf]
root       158  0.0  0.0      0     0 ?        I<   12:52   0:00 [kstrp]
root       162  0.0  0.0      0     0 ?        I    12:52   0:00 [kworker/0:2-eve]
root       178  0.0  0.0      0     0 ?        I<   12:52   0:00 [charger_manager]
root       179  0.0  0.0      0     0 ?        I    12:52   0:00 [kworker/u8:6]
root       180  0.0  0.0      0     0 ?        I<   12:52   0:00 [kworker/1:1H-ev]
root       181  0.0  0.0      0     0 ?        I    12:52   0:00 [kworker/0:3-eve]
root       182  0.3  0.0      0     0 ?        I<   12:52   0:00 [kworker/0:1H-kb]
root       246  0.0  0.0      0     0 ?        S    12:52   0:00 [jbd2/sda1-8]
root       247  0.0  0.0      0     0 ?        I<   12:52   0:00 [ext4-rsv-conver]
root       286  0.3  2.8 164872 57848 ?        S<s  12:52   0:00 /lib/systemd/systemd-journald
root       295  0.0  0.0      0     0 ?        I    12:52   0:00 [kworker/1:2-eve]
root       310  0.7  0.3  52212  6372 ?        Ss   12:52   0:00 /lib/systemd/systemd-udevd
root       314  0.0  0.0      0     0 ?        S<   12:52   0:00 [loop0]
root       315  0.0  0.0      0     0 ?        S<   12:52   0:00 [loop1]
root       317  0.0  0.0      0     0 ?        S<   12:52   0:00 [loop2]
root       322  0.0  0.0      0     0 ?        S<   12:52   0:00 [loop3]
root       325  0.0  0.0      0     0 ?        S<   12:52   0:00 [loop4]
root       326  0.0  0.0      0     0 ?        S<   12:52   0:00 [loop5]
root       328  0.0  0.0      0     0 ?        S<   12:52   0:00 [loop6]
root       333  0.0  0.0      0     0 ?        S<   12:52   0:00 [loop7]
root       334  0.0  0.0      0     0 ?        S<   12:52   0:00 [loop8]
root       521  0.0  0.0      0     0 ?        S    12:52   0:00 [i915/signal:0]
root       524  0.0  0.0      0     0 ?        I    12:52   0:00 [kworker/0:4-cgr]
systemd+   645  0.0  0.1 143984  3160 ?        Ssl  12:52   0:00 /lib/systemd/systemd-timesyncd
systemd+   646  0.0  0.2  70624  5040 ?        Ss   12:52   0:00 /lib/systemd/systemd-resolved
message+   650  0.7  0.2  51240  5572 ?        Ss   12:52   0:00 /usr/bin/dbus-daemon --system --address=systemd: --nofork --nopidfile --systemd-activation --syslog-only
root       651  0.0  0.0   4548   832 ?        Ss   12:52   0:00 /usr/sbin/acpid
root       654  0.0  0.2  45224  5284 ?        Ss   12:52   0:00 /sbin/wpa_supplicant -u -s -O /run/wpa_supplicant
root       655  0.7  2.0 227576 40624 ?        Ss   12:52   0:00 /usr/sbin/cupsd -l
root       659  0.0  0.1  38888  3212 ?        Ss   12:52   0:00 /usr/sbin/cron -f
root       660  0.0  0.4 360596  9544 ?        Ssl  12:52   0:00 /usr/sbin/ModemManager --filter-policy=strict
root       661  0.1  0.5 503064 11248 ?        Ssl  12:52   0:00 /usr/lib/udisks2/udisksd
root       662  0.0  0.3 295524  7268 ?        Ssl  12:52   0:00 /usr/lib/accountsservice/accounts-daemon
syslog     663  0.0  0.2 263032  4328 ?        Ssl  12:52   0:00 /usr/sbin/rsyslogd -n
root       666  0.0  0.3  70600  6140 ?        Ss   12:52   0:00 /lib/systemd/systemd-logind
root       668  0.1  0.8 178096 17296 ?        Ssl  12:52   0:00 /usr/bin/python3 /usr/bin/networkd-dispatcher --run-startup-triggers
daemon     670  0.0  0.1  28328  2424 ?        Ss   12:52   0:00 /usr/sbin/atd -f
root       675  0.0  0.1 110508  3684 ?        Ssl  12:52   0:00 /usr/sbin/irqbalance --foreground
root       680  0.1  0.8 488780 16800 ?        Ssl  12:52   0:00 /usr/sbin/NetworkManager --no-daemon
avahi      681  0.9  0.2  48432  4880 ?        Ss   12:52   0:00 avahi-daemon: running [consulta.local]
root       684  1.1  1.2 772448 24520 ?        Ssl  12:52   0:00 /usr/lib/snapd/snapd
avahi      713  0.0  0.0  47072   340 ?        S    12:52   0:00 avahi-daemon: chroot helper
root       720  4.7  0.7 308024 14808 ?        Ssl  12:52   0:04 /usr/sbin/cups-browsed
root       768  0.1  0.4 292724  8804 ?        Ssl  12:52   0:00 /usr/lib/policykit-1/polkitd --no-debug
root       792  0.0  0.1  29328  4028 ?        Ss   12:52   0:00 /bin/bash /etc/bus/apps/salamandra/SalamandraTIUSv0.25/salamandratius
root       795  0.1  0.9 194796 19936 ?        Ssl  12:52   0:00 /usr/bin/python3 /usr/share/unattended-upgrades/unattended-upgrade-shutdown --wait-for-signal
root       804  0.0  0.3 364316  6736 ?        Ssl  12:52   0:00 /usr/sbin/lightdm
root       816  0.0  0.2  72292  5856 ?        Ss   12:52   0:00 /usr/sbin/sshd -D
ntp        826  0.0  0.2 109832  4344 ?        Ssl  12:52   0:00 /usr/sbin/ntpd -p /var/run/ntpd.pid -g -u 120:127
colord     833  0.3  0.7 399492 14484 ?        Ssl  12:52   0:00 /usr/lib/colord/colord
root       836  0.0  0.3  25988  6364 ?        S    12:52   0:00 /sbin/dhclient -d -q -sf /usr/lib/NetworkManager/nm-dhcp-helper -pf /run/dhclient-enp2s0.pid -lf /var/lib/NetworkManager/dhclient-29321406-b18c-3462-9f8e-68e8844cc12e-enp2s0.lease -cf /var/lib/NetworkManager/dhclient-enp2s0.conf enp2s0
whoopsie   863  0.0  0.5 377012 11976 ?        Ssl  12:52   0:00 /usr/bin/whoopsie -f
kernoops   867  0.0  0.0  56936   416 ?        Ss   12:52   0:00 /usr/sbin/kerneloops --test
kernoops   869  0.0  0.1  56936  2688 ?        Ss   12:52   0:00 /usr/sbin/kerneloops
root       892  1.8  2.3 369556 46840 tty7     Ssl+ 12:52   0:01 /usr/lib/xorg/Xorg -core :0 -seat seat0 -auth /var/run/lightdm/root/:0 -nolisten tcp vt7 -novtswitch
root       896  0.0  0.0  23748  2008 tty1     Ss+  12:52   0:00 /sbin/agetty -o -p -- \u --noclear tty1 linux
root       990  0.0  0.0      0     0 ?        I<   12:52   0:00 [kworker/u9:1-i9]
root      1028  0.0  0.3 248480  7060 ?        Sl   12:52   0:00 lightdm --session-child 12 15
root      1032  0.0  0.1 277868  3280 ?        Ssl  12:52   0:00 /usr/sbin/pcscd --foreground --auto-exit
usuario   1033  0.0  0.4  77116  8192 ?        Ss   12:52   0:00 /lib/systemd/systemd --user
usuario   1035  0.0  0.1 114120  2660 ?        S    12:52   0:00 (sd-pam)
usuario   1059  0.0  0.0   4624   876 ?        Ss   12:52   0:00 /bin/sh /etc/xdg/xfce4/xinitrc -- /etc/X11/xinit/xserverrc
usuario   1076  0.1  0.2  50432  4940 ?        Ss   12:52   0:00 /usr/bin/dbus-daemon --session --address=systemd: --nofork --nopidfile --systemd-activation --syslog-only
usuario   1155  0.0  0.0  11300   320 ?        Ss   12:52   0:00 /usr/bin/ssh-agent /usr/bin/im-launch startxfce4
usuario   1174  0.0  0.7 340160 15412 ?        Sl   12:52   0:00 xfce4-session
usuario   1178  0.0  0.2  59380  5264 ?        S    12:52   0:00 /usr/lib/x86_64-linux-gnu/xfce4/xfconf/xfconfd
usuario   1182  0.0  0.3 289160  7260 ?        Sl   12:52   0:00 gnome-keyring-daemon --start
usuario   1187  0.4  1.1 195252 23732 ?        S    12:52   0:00 xfwm4 --replace
usuario   1191  0.3  1.2 362560 26132 ?        Sl   12:52   0:00 xfce4-panel
usuario   1193  0.0  0.6 188088 13044 ?        S    12:52   0:00 Thunar --daemon
usuario   1195  0.8  1.7 494208 35776 ?        Sl   12:52   0:00 xfdesktop
usuario   1197  0.8  2.7 532044 55248 ?        Sl   12:52   0:00 /usr/bin/python3 /usr/bin/blueman-applet
usuario   1198  0.1  1.2 465260 25808 ?        Sl   12:52   0:00 light-locker
usuario   1202  0.1  1.4 636920 28416 ?        Sl   12:52   0:00 update-notifier
usuario   1203  0.4  1.6 262504 32764 ?        Sl   12:52   0:00 /usr/bin/python3 /usr/share/system-config-printer/applet.py
usuario   1209  0.2  1.7 737048 34948 ?        Sl   12:52   0:00 nm-applet
usuario   1211  0.0  1.0 381340 20616 ?        Sl   12:52   0:00 /usr/lib/policykit-1-gnome/polkit-gnome-authentication-agent-1
usuario   1217  0.0  0.2  78360  5532 ?        S    12:52   0:00 xscreensaver -no-splash
usuario   1231  0.1  0.8 387648 17380 ?        Ssl  12:52   0:00 xfsettingsd
root      1236  0.1  0.4 322908  8980 ?        Ssl  12:52   0:00 /usr/lib/upower/upowerd
usuario   1261  0.1  1.0 407124 21788 ?        Ssl  12:52   0:00 xfce4-power-manager
usuario   1266  0.0  0.2 187904  5228 ?        Sl   12:52   0:00 /usr/lib/dconf/dconf-service
usuario   1271  0.0  0.5 646676 11804 ?        S<l  12:52   0:00 /usr/bin/pulseaudio --start --log-target=syslog
rtkit     1272  0.0  0.1 183500  3032 ?        SNsl 12:52   0:00 /usr/lib/rtkit/rtkit-daemon
usuario   1278  0.0  0.2 349200  5928 ?        Ssl  12:52   0:00 /usr/lib/at-spi2-core/at-spi-bus-launcher
usuario   1283  0.0  0.2  49924  4324 ?        S    12:52   0:00 /usr/bin/dbus-daemon --config-file=/usr/share/defaults/at-spi2/accessibility.conf --nofork --print-address 3
usuario   1287  0.0  0.2 220740  5796 ?        Sl   12:52   0:00 /usr/lib/at-spi2-core/at-spi2-registryd --use-gnome-session
usuario   1297  0.0  0.7 415844 16152 ?        Ssl  12:52   0:00 /usr/lib/x86_64-linux-gnu/xfce4/notifyd/xfce4-notifyd
usuario   1298  0.0  0.3 292624  7200 ?        Ssl  12:52   0:00 /usr/lib/gvfs/gvfsd
usuario   1305  0.0  0.2 416112  5408 ?        Sl   12:52   0:00 /usr/lib/gvfs/gvfsd-fuse /run/user/1001/gvfs -f -o big_writes
usuario   1321  0.7  1.8 491892 36780 ?        Sl   12:52   0:00 /usr/lib/x86_64-linux-gnu/xfce4/panel/wrapper-2.0 /usr/lib/x86_64-linux-gnu/xfce4/panel/plugins/libwhiskermenu.so 5 8388646 whiskermenu Menú Whisker Mostrar un menú para acceder fácilmente a las aplicaciones instaladas
usuario   1325  0.1  1.2 431092 24744 ?        Sl   12:52   0:00 /usr/lib/x86_64-linux-gnu/xfce4/panel/wrapper-2.0 /usr/lib/x86_64-linux-gnu/xfce4/panel/plugins/libindicator-plugin.so 8 8388653 indicator Complemento de indicador Se proveerá un área para los indicadores de Unity. Estos indicadores permiten a aplicaciones y servicios del sistema mostrar su estado de manera interactiva con el usuario.
usuario   1326  0.2  1.3 506968 27664 ?        Sl   12:52   0:00 /usr/lib/x86_64-linux-gnu/xfce4/panel/wrapper-2.0 /usr/lib/x86_64-linux-gnu/xfce4/panel/plugins/libstatusnotifier.so 13 8388654 statusnotifier Complemento de notificador de estado Proporciona un área del panel para los elementos de notificaciones de estado (indicadores de aplicación)
usuario   1327  0.3  1.5 698036 31996 ?        Sl   12:52   0:00 /usr/lib/x86_64-linux-gnu/xfce4/panel/wrapper-2.0 /usr/lib/x86_64-linux-gnu/xfce4/panel/plugins/libpulseaudio-plugin.so 9 8388655 pulseaudio Complemento de PulseAudio Ajustar el volumen del sistema de sonido de PulseAudio
usuario   1332  0.4  0.9 452564 18416 ?        SNl  12:52   0:00 /usr/lib/x86_64-linux-gnu/tumbler-1/tumblerd
usuario   1337  0.0  0.7 179668 14948 ?        S    12:52   0:00 /usr/lib/x86_64-linux-gnu/xfce4/panel/wrapper-1.0 /usr/lib/x86_64-linux-gnu/xfce4/panel/plugins/libsystray.so 4 8388656 systray Área de notificación Área donde aparecen los iconos de notificación
usuario   1349  0.0  0.3 373888  7928 ?        Ssl  12:52   0:00 /usr/lib/x86_64-linux-gnu/indicator-messages/indicator-messages-service
usuario   1383  0.0  0.4 307156  8920 ?        Ssl  12:52   0:00 /usr/lib/gvfs/gvfs-udisks2-volume-monitor
usuario   1387  0.0  0.3 289424  6908 ?        Ssl  12:52   0:00 /usr/lib/gvfs/gvfs-gphoto2-volume-monitor
usuario   1391  0.0  0.3 379472  7748 ?        Ssl  12:52   0:00 /usr/lib/gvfs/gvfs-afc-volume-monitor
usuario   1396  0.0  0.2 274708  5980 ?        Ssl  12:52   0:00 /usr/lib/gvfs/gvfs-goa-volume-monitor
usuario   1400  0.0  0.2 276500  4896 ?        Ssl  12:52   0:00 /usr/lib/gvfs/gvfs-mtp-volume-monitor
usuario   1407  0.0  0.3 368900  7364 ?        Sl   12:52   0:00 /usr/lib/gvfs/gvfsd-trash --spawner :1.27 /org/gtk/gvfs/exec_spaw/0
usuario   1483  1.0  1.7 536912 35064 ?        Sl   12:53   0:00 /usr/bin/xfce4-terminal
usuario   1487  0.0  0.2  30188  4848 pts/0    Ss   12:53   0:00 bash
root      1501  0.0  0.1  72720  4020 pts/0    S    12:53   0:00 su
root      1502  0.0  0.2  29128  4144 pts/0    S    12:53   0:00 bash
usuario   1527  0.0  0.3  82724  6948 ?        Ss   12:53   0:00 /usr/lib/bluetooth/obexd
lp        1564  0.0  0.2  86408  6048 ?        S    12:53   0:00 /usr/lib/cups/notifier/dbus dbus://
root      1704  0.0  0.0  15036   768 ?        S    12:53   0:00 sleep 4
root      1705  0.0  0.1  47312  3912 pts/0    R+   12:53   0:00 ps -aux
